2019-03-28T16:13:10+00:00 CRITICAL Uncaught Error: Call to a member function delete() on null in /var/www/html/wordpress/wp-content/plugins/revslider/includes/slider.class.php:1892
Stack trace:
#0 /var/www/html/wordpress/wp-content/plugins/revslider/admin/revslider-admin.class.php(756): RevSliderSlider->importSliderFromPost('true', 'none', false, false, false, 'true')
#1 /var/www/html/wordpress/wp-content/plugins/revslider/admin/revslider-admin.class.php(1269): RevSliderAdmin::importSliderHandle('https://morin42...', 'true', 'none', 'true')
#2 /var/www/html/wordpress/wp-includes/class-wp-hook.php(286): RevSliderAdmin::onAjaxAction('')
#3 /var/www/html/wordpress/wp-includes/class-wp-hook.php(310): WP_Hook->apply_filters('', Array)
#4 /var/www/html/wordpress/wp-includes/plugin.php(465): WP_Hook->do_action(Array)
#5 /var/www/html/wordpress/wp-admin/admin-ajax.php(167): do_action('wp_ajax_revslid...')
#6 {main}
  thrown in /var/www/html/wordpress/wp-content/plugins/revslider/includes/slider.class.php on line 1892

2019-03-28T16:14:17+00:00 CRITICAL Uncaught Error: Call to a member function delete() on null in /var/www/html/wordpress/wp-content/plugins/revslider/includes/slider.class.php:1892
Stack trace:
#0 /var/www/html/wordpress/wp-content/plugins/revslider/admin/revslider-admin.class.php(756): RevSliderSlider->importSliderFromPost('true', 'none', false, false, false, 'true')
#1 /var/www/html/wordpress/wp-content/plugins/revslider/admin/revslider-admin.class.php(1269): RevSliderAdmin::importSliderHandle('https://morin42...', 'true', 'none', 'true')
#2 /var/www/html/wordpress/wp-includes/class-wp-hook.php(286): RevSliderAdmin::onAjaxAction('')
#3 /var/www/html/wordpress/wp-includes/class-wp-hook.php(310): WP_Hook->apply_filters('', Array)
#4 /var/www/html/wordpress/wp-includes/plugin.php(465): WP_Hook->do_action(Array)
#5 /var/www/html/wordpress/wp-admin/admin-ajax.php(167): do_action('wp_ajax_revslid...')
#6 {main}
  thrown in /var/www/html/wordpress/wp-content/plugins/revslider/includes/slider.class.php on line 1892

